Using pre-set license
Built from '2020.3/staging' branch; Version is '2020.3.6f1 (338bb68529b2) revision 3378102'; Using compiler version '192528614'; Build Type 'Release'
OS: 'Windows 10 Pro; OS build 19043.1415; Version 2009; 64bit' Language: 'en' Physical Memory: 16332 MB
BatchMode: 1, IsHumanControllingUs: 0, StartBugReporterOnCrash: 0, Is64bit: 1, IsPro: 0

 COMMAND LINE ARGUMENTS:
D:\unity\Editor\Unity.exe
-adb2
-batchMode
-noUpm
-name
AssetImportWorker0
-projectPath
E:/tableTop/TableTopDefense/MobileDevHandin
-logFile
Logs/AssetImportWorker0.log
-srvPort
60874
Successfully changed project path to: E:/tableTop/TableTopDefense/MobileDevHandin
E:/tableTop/TableTopDefense/MobileDevHandin
Using Asset Import Pipeline V2.
Refreshing native plugins compatible for Editor in 42.86 ms, found 0 plugins.
Preloading 0 native plugins for Editor in 0.00 ms.
Initialize engine version: 2020.3.6f1 (338bb68529b2)
[Subsystems] Discovering subsystems at path D:/unity/Editor/Data/Resources/UnitySubsystems
[Subsystems] Discovering subsystems at path E:/tableTop/TableTopDefense/MobileDevHandin/Assets
GfxDevice: creating device client; threaded=0
Direct3D:
    Version:  Direct3D 11.0 [level 11.1]
    Renderer: NVIDIA GeForce GTX 1080 (ID=0x1b80)
    Vendor:   
    VRAM:     8079 MB
    Driver:   30.0.14.9729
Initialize mono
Mono path[0] = 'D:/unity/Editor/Data/Managed'
Mono path[1] = 'D:/unity/Editor/Data/MonoBleedingEdge/lib/mono/unityjit'
Mono config path = 'D:/unity/Editor/Data/MonoBleedingEdge/etc'
Using monoOptions --debugger-agent=transport=dt_socket,embedding=1,server=y,suspend=n,address=127.0.0.1:56644
Begin MonoManager ReloadAssembly
Registering precompiled unity dll's ...
Register platform support module: D:/unity/Editor/Data/PlaybackEngines/WindowsStandaloneSupport/UnityEditor.WindowsStandalone.Extensions.dll
Registered in 0.003114 seconds.
Native extension for WindowsStandalone target not found
Refreshing native plugins compatible for Editor in 922.54 ms, found 0 plugins.
Preloading 0 native plugins for Editor in 0.00 ms.
Mono: successfully reloaded assembly
- Completed reload, in  5.232 seconds
Platform modules already initialized, skipping
Registering precompiled user dll's ...
Registered in 0.003299 seconds.
Begin MonoManager ReloadAssembly
Native extension for WindowsStandalone target not found
Refreshing native plugins compatible for Editor in 368.48 ms, found 0 plugins.
Preloading 0 native plugins for Editor in 0.00 ms.
Mono: successfully reloaded assembly
- Completed reload, in  3.605 seconds
Platform modules already initialized, skipping
========================================================================
Worker process is ready to serve import requests
Launched and connected shader compiler UnityShaderCompiler.exe after 0.11 seconds
Refreshing native plugins compatible for Editor in 0.37 ms, found 0 plugins.
Preloading 0 native plugins for Editor in 0.00 ms.
Unloading 1555 Unused Serialized files (Serialized files now loaded: 0)
System memory in use before: 76.0 MB.
System memory in use after: 76.0 MB.

Unloading 11 unused Assets to reduce memory usage. Loaded Objects now: 2001.
Total: 2.370900 ms (FindLiveObjects: 0.270800 ms CreateObjectMapping: 0.167700 ms MarkObjects: 1.778400 ms  DeleteObjects: 0.152500 ms)

========================================================================
Received Import Request.
  path: Assets/Scripts/UiManager.cs
  artifactKey: Guid(aa8cae939b6c2f046af0b88dbdbceb53) Importer(815301076,1909f56bfc062723c751e8b465ee728b)
Start importing Assets/Scripts/UiManager.cs using Guid(aa8cae939b6c2f046af0b88dbdbceb53) Importer(815301076,1909f56bfc062723c751e8b465ee728b)  -> (artifact id: '5811c577ec740e22765370234bace806') in 0.252338 seconds
  Import took 0.256777 seconds .

========================================================================
Received Import Request.
  Time since last request: 57.922958 seconds.
  path: Assets/Scripts/UiManager.cs
  artifactKey: Guid(aa8cae939b6c2f046af0b88dbdbceb53) Importer(815301076,1909f56bfc062723c751e8b465ee728b)
Start importing Assets/Scripts/UiManager.cs using Guid(aa8cae939b6c2f046af0b88dbdbceb53) Importer(815301076,1909f56bfc062723c751e8b465ee728b)  -> (artifact id: 'e83bdea3dc608e091f262014b19c1f2c') in 0.158212 seconds
  Import took 0.162790 seconds .

========================================================================
Received Prepare
Registering precompiled user dll's ...
Registered in 0.001513 seconds.
Begin MonoManager ReloadAssembly
Native extension for WindowsStandalone target not found
Refreshing native plugins compatible for Editor in 0.32 ms, found 0 plugins.
Preloading 0 native plugins for Editor in 0.00 ms.
Mono: successfully reloaded assembly
- Completed reload, in  1.083 seconds
Platform modules already initialized, skipping
Refreshing native plugins compatible for Editor in 0.34 ms, found 0 plugins.
Preloading 0 native plugins for Editor in 0.00 ms.
Unloading 1527 Unused Serialized files (Serialized files now loaded: 0)
System memory in use before: 73.7 MB.
System memory in use after: 73.7 MB.

Unloading 6 unused Assets to reduce memory usage. Loaded Objects now: 2004.
Total: 2.219000 ms (FindLiveObjects: 0.242000 ms CreateObjectMapping: 0.058800 ms MarkObjects: 1.785500 ms  DeleteObjects: 0.131400 ms)

========================================================================
Received Prepare
Registering precompiled user dll's ...
Registered in 0.001515 seconds.
Begin MonoManager ReloadAssembly
Native extension for WindowsStandalone target not found
Refreshing native plugins compatible for Editor in 0.33 ms, found 0 plugins.
Preloading 0 native plugins for Editor in 0.00 ms.
Mono: successfully reloaded assembly
- Completed reload, in  1.030 seconds
Platform modules already initialized, skipping
Refreshing native plugins compatible for Editor in 0.40 ms, found 0 plugins.
Preloading 0 native plugins for Editor in 0.00 ms.
Unloading 1527 Unused Serialized files (Serialized files now loaded: 0)
System memory in use before: 73.7 MB.
System memory in use after: 73.8 MB.

Unloading 6 unused Assets to reduce memory usage. Loaded Objects now: 2007.
Total: 2.223000 ms (FindLiveObjects: 0.199900 ms CreateObjectMapping: 0.095300 ms MarkObjects: 1.783200 ms  DeleteObjects: 0.143200 ms)

========================================================================
Received Prepare
Registering precompiled user dll's ...
Registered in 0.001950 seconds.
Begin MonoManager ReloadAssembly
Native extension for WindowsStandalone target not found
Refreshing native plugins compatible for Editor in 0.32 ms, found 0 plugins.
Preloading 0 native plugins for Editor in 0.00 ms.
Mono: successfully reloaded assembly
- Completed reload, in  1.060 seconds
Platform modules already initialized, skipping
Refreshing native plugins compatible for Editor in 0.33 ms, found 0 plugins.
Preloading 0 native plugins for Editor in 0.00 ms.
Unloading 1527 Unused Serialized files (Serialized files now loaded: 0)
System memory in use before: 73.8 MB.
System memory in use after: 73.8 MB.

Unloading 6 unused Assets to reduce memory usage. Loaded Objects now: 2010.
Total: 1.948900 ms (FindLiveObjects: 0.178800 ms CreateObjectMapping: 0.054900 ms MarkObjects: 1.597700 ms  DeleteObjects: 0.116500 ms)

========================================================================
Received Prepare
Registering precompiled user dll's ...
Registered in 0.001467 seconds.
Begin MonoManager ReloadAssembly
Native extension for WindowsStandalone target not found
Refreshing native plugins compatible for Editor in 0.45 ms, found 0 plugins.
Preloading 0 native plugins for Editor in 0.00 ms.
Mono: successfully reloaded assembly
- Completed reload, in  1.026 seconds
Platform modules already initialized, skipping
Refreshing native plugins compatible for Editor in 0.33 ms, found 0 plugins.
Preloading 0 native plugins for Editor in 0.00 ms.
Unloading 1527 Unused Serialized files (Serialized files now loaded: 0)
System memory in use before: 73.8 MB.
System memory in use after: 73.8 MB.

Unloading 6 unused Assets to reduce memory usage. Loaded Objects now: 2013.
Total: 1.881300 ms (FindLiveObjects: 0.175500 ms CreateObjectMapping: 0.071200 ms MarkObjects: 1.500100 ms  DeleteObjects: 0.133500 ms)

========================================================================
Received Prepare
Registering precompiled user dll's ...
Registered in 0.001336 seconds.
Begin MonoManager ReloadAssembly
Native extension for WindowsStandalone target not found
Refreshing native plugins compatible for Editor in 0.46 ms, found 0 plugins.
Preloading 0 native plugins for Editor in 0.00 ms.
Mono: successfully reloaded assembly
- Completed reload, in  1.528 seconds
Platform modules already initialized, skipping
Refreshing native plugins compatible for Editor in 0.37 ms, found 0 plugins.
Preloading 0 native plugins for Editor in 0.00 ms.
Unloading 1813 Unused Serialized files (Serialized files now loaded: 0)
System memory in use before: 82.3 MB.
System memory in use after: 82.3 MB.

Unloading 6 unused Assets to reduce memory usage. Loaded Objects now: 2303.
Total: 2.195100 ms (FindLiveObjects: 0.212700 ms CreateObjectMapping: 0.067200 ms MarkObjects: 1.786500 ms  DeleteObjects: 0.126700 ms)

========================================================================
Received Prepare
Registering precompiled user dll's ...
Registered in 0.001225 seconds.
Begin MonoManager ReloadAssembly
Native extension for WindowsStandalone target not found
Refreshing native plugins compatible for Editor in 0.61 ms, found 0 plugins.
Preloading 0 native plugins for Editor in 0.00 ms.
Mono: successfully reloaded assembly
- Completed reload, in  1.254 seconds
Platform modules already initialized, skipping
Refreshing native plugins compatible for Editor in 0.44 ms, found 0 plugins.
Preloading 0 native plugins for Editor in 0.00 ms.
Unloading 1872 Unused Serialized files (Serialized files now loaded: 0)
System memory in use before: 83.8 MB.
System memory in use after: 83.8 MB.

Unloading 8 unused Assets to reduce memory usage. Loaded Objects now: 2365.
Total: 2.420900 ms (FindLiveObjects: 0.244100 ms CreateObjectMapping: 0.137800 ms MarkObjects: 1.919500 ms  DeleteObjects: 0.118100 ms)

========================================================================
Received Prepare
Registering precompiled user dll's ...
Registered in 0.001447 seconds.
Begin MonoManager ReloadAssembly
Native extension for WindowsStandalone target not found
Refreshing native plugins compatible for Editor in 61.75 ms, found 0 plugins.
Preloading 0 native plugins for Editor in 0.00 ms.
Mono: successfully reloaded assembly
- Completed reload, in  1.218 seconds
Platform modules already initialized, skipping
Refreshing native plugins compatible for Editor in 0.45 ms, found 0 plugins.
Preloading 0 native plugins for Editor in 0.00 ms.
Unloading 1944 Unused Serialized files (Serialized files now loaded: 0)
System memory in use before: 86.1 MB.
System memory in use after: 86.1 MB.

Unloading 9 unused Assets to reduce memory usage. Loaded Objects now: 2444.
Total: 2.961200 ms (FindLiveObjects: 0.281300 ms CreateObjectMapping: 0.172000 ms MarkObjects: 2.356500 ms  DeleteObjects: 0.149400 ms)

========================================================================
Received Import Request.
  Time since last request: 1957.750357 seconds.
  path: Assets/Prefabs/Easy.prefab
  artifactKey: Guid(f8d0ed1a57827694c99635f0ba9e2998) Importer(815301076,1909f56bfc062723c751e8b465ee728b)
Start importing Assets/Prefabs/Easy.prefab using Guid(f8d0ed1a57827694c99635f0ba9e2998) Importer(815301076,1909f56bfc062723c751e8b465ee728b)  -> (artifact id: '1b83f492995de984f3c26b408fa95adb') in 1.080538 seconds
  Import took 1.086455 seconds .

========================================================================
Received Import Request.
  Time since last request: 0.000387 seconds.
  path: Assets/Prefabs/GameplayManager.prefab
  artifactKey: Guid(71a1f524d8467d049915d8af95608f2b) Importer(815301076,1909f56bfc062723c751e8b465ee728b)
Start importing Assets/Prefabs/GameplayManager.prefab using Guid(71a1f524d8467d049915d8af95608f2b) Importer(815301076,1909f56bfc062723c751e8b465ee728b)  -> (artifact id: '35bf82ed2b0af8c79dcd6c4c02f126a6') in 0.102756 seconds
  Import took 0.107009 seconds .

========================================================================
Received Prepare
Registering precompiled user dll's ...
Registered in 0.001424 seconds.
Begin MonoManager ReloadAssembly
Native extension for WindowsStandalone target not found
Refreshing native plugins compatible for Editor in 0.48 ms, found 0 plugins.
Preloading 0 native plugins for Editor in 0.00 ms.
Mono: successfully reloaded assembly
- Completed reload, in  1.022 seconds
Platform modules already initialized, skipping
Refreshing native plugins compatible for Editor in 0.47 ms, found 0 plugins.
Preloading 0 native plugins for Editor in 0.00 ms.
Unloading 1942 Unused Serialized files (Serialized files now loaded: 0)
System memory in use before: 89.5 MB.
System memory in use after: 89.5 MB.

Unloading 10 unused Assets to reduce memory usage. Loaded Objects now: 2457.
Total: 2.356600 ms (FindLiveObjects: 0.226100 ms CreateObjectMapping: 0.079700 ms MarkObjects: 1.882400 ms  DeleteObjects: 0.167300 ms)

========================================================================
Received Import Request.
  Time since last request: 8.744608 seconds.
  path: Assets/Prefabs/Bullet.prefab
  artifactKey: Guid(0d119b40085eb0541bb20322b3d6827d) Importer(815301076,1909f56bfc062723c751e8b465ee728b)
Start importing Assets/Prefabs/Bullet.prefab using Guid(0d119b40085eb0541bb20322b3d6827d) Importer(815301076,1909f56bfc062723c751e8b465ee728b)  -> (artifact id: '01998498c3edbe808ae8f6a509e82691') in 0.147994 seconds
  Import took 0.152028 seconds .

========================================================================
Received Import Request.
  Time since last request: 0.195567 seconds.
  path: Assets/Prefabs/Bullet.prefab
  artifactKey: Guid(0d119b40085eb0541bb20322b3d6827d) Importer(815301076,1909f56bfc062723c751e8b465ee728b)
Start importing Assets/Prefabs/Bullet.prefab using Guid(0d119b40085eb0541bb20322b3d6827d) Importer(815301076,1909f56bfc062723c751e8b465ee728b)  -> (artifact id: 'd3fbff61f5acbe8719c52cd774bd1751') in 0.086280 seconds
  Import took 0.090933 seconds .

========================================================================
Received Import Request.
  Time since last request: 5.605197 seconds.
  path: Assets/Prefabs/Bullet.prefab
  artifactKey: Guid(0d119b40085eb0541bb20322b3d6827d) Importer(815301076,1909f56bfc062723c751e8b465ee728b)
Start importing Assets/Prefabs/Bullet.prefab using Guid(0d119b40085eb0541bb20322b3d6827d) Importer(815301076,1909f56bfc062723c751e8b465ee728b)  -> (artifact id: '300b1847a3b014ee5891829699ad9d7c') in 0.107964 seconds
  Import took 0.112789 seconds .

========================================================================
Received Prepare
Registering precompiled user dll's ...
Registered in 0.001283 seconds.
Begin MonoManager ReloadAssembly
Native extension for WindowsStandalone target not found
Refreshing native plugins compatible for Editor in 0.48 ms, found 0 plugins.
Preloading 0 native plugins for Editor in 0.00 ms.
Mono: successfully reloaded assembly
- Completed reload, in  1.856 seconds
Platform modules already initialized, skipping
Switching build target platform(5) subTarget(0) extendedPlatform(0) -> platform(13) subTarget(537395200) extendedPlatform(0)
Refreshing native plugins compatible for Editor in 0.43 ms, found 0 plugins.
Preloading 0 native plugins for Editor in 0.00 ms.
Unloading 1946 Unused Serialized files (Serialized files now loaded: 0)
System memory in use before: 89.0 MB.
System memory in use after: 89.0 MB.

Unloading 10 unused Assets to reduce memory usage. Loaded Objects now: 2462.
Total: 2.253700 ms (FindLiveObjects: 0.223800 ms CreateObjectMapping: 0.099400 ms MarkObjects: 1.795900 ms  DeleteObjects: 0.132900 ms)

AssetImportParameters requested are different than current active one (requested -> active):
  custom:graphics/normal-map-encoding: 01000000000000000000000000000000 -> 02000000000000000000000000000000
========================================================================
Received Prepare
Refreshing native plugins compatible for Editor in 0.99 ms, found 0 plugins.
Preloading 0 native plugins for Editor in 0.00 ms.
Unloading 6 Unused Serialized files (Serialized files now loaded: 0)
System memory in use before: 50.4 MB.
System memory in use after: 50.4 MB.

Unloading 6 unused Assets to reduce memory usage. Loaded Objects now: 2462.
Total: 2.202800 ms (FindLiveObjects: 0.202400 ms CreateObjectMapping: 0.070000 ms MarkObjects: 1.794500 ms  DeleteObjects: 0.134900 ms)

========================================================================
Received Prepare
Refreshing native plugins compatible for Editor in 0.96 ms, found 0 plugins.
Preloading 0 native plugins for Editor in 0.00 ms.
Unloading 6 Unused Serialized files (Serialized files now loaded: 0)
System memory in use before: 50.5 MB.
System memory in use after: 50.5 MB.

Unloading 6 unused Assets to reduce memory usage. Loaded Objects now: 2462.
Total: 4.120100 ms (FindLiveObjects: 0.330600 ms CreateObjectMapping: 0.244300 ms MarkObjects: 3.398800 ms  DeleteObjects: 0.142400 ms)

========================================================================
Received Prepare
Refreshing native plugins compatible for Editor in 1.01 ms, found 0 plugins.
Preloading 0 native plugins for Editor in 0.00 ms.
Unloading 6 Unused Serialized files (Serialized files now loaded: 0)
System memory in use before: 50.5 MB.
System memory in use after: 50.5 MB.

Unloading 6 unused Assets to reduce memory usage. Loaded Objects now: 2462.
Total: 3.218400 ms (FindLiveObjects: 0.308200 ms CreateObjectMapping: 0.183800 ms MarkObjects: 2.579600 ms  DeleteObjects: 0.144600 ms)

========================================================================
Received Import Request.
  Time since last request: 2923.277382 seconds.
  path: Assets/XR
  artifactKey: Guid(655ca0378f757574f934ff3f0ec89e9e) Importer(815301076,1909f56bfc062723c751e8b465ee728b)
Start importing Assets/XR using Guid(655ca0378f757574f934ff3f0ec89e9e) Importer(815301076,1909f56bfc062723c751e8b465ee728b)  -> (artifact id: '9fa1c86c566fb887a1562c4c59cb6428') in 0.067951 seconds
  Import took 0.072043 seconds .

========================================================================
Received Prepare
Switching build target platform(13) subTarget(537395200) extendedPlatform(0) -> platform(13) subTarget(524288) extendedPlatform(0)
Refreshing native plugins compatible for Editor in 1.09 ms, found 0 plugins.
Preloading 0 native plugins for Editor in 0.00 ms.
Unloading 6 Unused Serialized files (Serialized files now loaded: 0)
System memory in use before: 50.5 MB.
System memory in use after: 50.5 MB.

Unloading 6 unused Assets to reduce memory usage. Loaded Objects now: 2462.
Total: 3.898700 ms (FindLiveObjects: 0.297900 ms CreateObjectMapping: 0.178000 ms MarkObjects: 3.272100 ms  DeleteObjects: 0.148900 ms)

AssetImportParameters requested are different than current active one (requested -> active):
  buildTarget: platform 13, subtarget 524288, extendedPlatform 0 -> platform 13, subtarget 537395200, extendedPlatform 0
  graphicsApiMask: 2048 -> 2099200
========================================================================
Received Prepare
Refreshing native plugins compatible for Editor in 1.05 ms, found 0 plugins.
Preloading 0 native plugins for Editor in 0.00 ms.
Unloading 6 Unused Serialized files (Serialized files now loaded: 0)
System memory in use before: 50.5 MB.
System memory in use after: 50.5 MB.

Unloading 5 unused Assets to reduce memory usage. Loaded Objects now: 2463.
Total: 3.087600 ms (FindLiveObjects: 0.288200 ms CreateObjectMapping: 0.168300 ms MarkObjects: 2.508300 ms  DeleteObjects: 0.120700 ms)

========================================================================
Received Import Request.
  Time since last request: 1410.739958 seconds.
  path: Assets/Prefabs/Bullet.prefab
  artifactKey: Guid(0d119b40085eb0541bb20322b3d6827d) Importer(815301076,1909f56bfc062723c751e8b465ee728b)
Start importing Assets/Prefabs/Bullet.prefab using Guid(0d119b40085eb0541bb20322b3d6827d) Importer(815301076,1909f56bfc062723c751e8b465ee728b)  -> (artifact id: '5cfe744bc16d9e52999ca2c9724f69dd') in 0.166536 seconds
  Import took 0.171804 seconds .

========================================================================
Received Import Request.
  Time since last request: 5.915899 seconds.
  path: Assets/Prefabs/Enemy.prefab
  artifactKey: Guid(1ecc618abe949f34fa97cac3cf89a04a) Importer(815301076,1909f56bfc062723c751e8b465ee728b)
Start importing Assets/Prefabs/Enemy.prefab using Guid(1ecc618abe949f34fa97cac3cf89a04a) Importer(815301076,1909f56bfc062723c751e8b465ee728b)  -> (artifact id: '56eddf9eb8f908c6df205c2163e3c34a') in 0.103611 seconds
  Import took 0.113000 seconds .

========================================================================
Received Import Request.
  Time since last request: 1.956098 seconds.
  path: Assets/Prefabs/Enemy.prefab
  artifactKey: Guid(1ecc618abe949f34fa97cac3cf89a04a) Importer(815301076,1909f56bfc062723c751e8b465ee728b)
Start importing Assets/Prefabs/Enemy.prefab using Guid(1ecc618abe949f34fa97cac3cf89a04a) Importer(815301076,1909f56bfc062723c751e8b465ee728b)  -> (artifact id: '8e95cd3c6d8fecda8a38a02b519b040b') in 0.089938 seconds
  Import took 0.098442 seconds .

========================================================================
Received Import Request.
  Time since last request: 2.661202 seconds.
  path: Assets/Prefabs/Enemy.prefab
  artifactKey: Guid(1ecc618abe949f34fa97cac3cf89a04a) Importer(815301076,1909f56bfc062723c751e8b465ee728b)
Start importing Assets/Prefabs/Enemy.prefab using Guid(1ecc618abe949f34fa97cac3cf89a04a) Importer(815301076,1909f56bfc062723c751e8b465ee728b)  -> (artifact id: 'c47e9f80a727841da0592eb3ac784e71') in 0.091004 seconds
  Import took 0.096534 seconds .

========================================================================
Received Import Request.
  Time since last request: 5.671309 seconds.
  path: Assets/Prefabs/Tower.prefab
  artifactKey: Guid(403767eedfc5ed34f91fc30971c0dec5) Importer(815301076,1909f56bfc062723c751e8b465ee728b)
Start importing Assets/Prefabs/Tower.prefab using Guid(403767eedfc5ed34f91fc30971c0dec5) Importer(815301076,1909f56bfc062723c751e8b465ee728b)  -> (artifact id: '265355650102ae43419f7f9b9089829c') in 0.104357 seconds
  Import took 0.109359 seconds .

========================================================================
Received Import Request.
  Time since last request: 3.064508 seconds.
  path: Assets/Prefabs/Tower.prefab
  artifactKey: Guid(403767eedfc5ed34f91fc30971c0dec5) Importer(815301076,1909f56bfc062723c751e8b465ee728b)
Start importing Assets/Prefabs/Tower.prefab using Guid(403767eedfc5ed34f91fc30971c0dec5) Importer(815301076,1909f56bfc062723c751e8b465ee728b)  -> (artifact id: '79dc18fad5cca8b00236827691f45b75') in 0.087361 seconds
  Import took 0.092315 seconds .

========================================================================
Received Import Request.
  Time since last request: 3.642400 seconds.
  path: Assets/Prefabs/Tower.prefab
  artifactKey: Guid(403767eedfc5ed34f91fc30971c0dec5) Importer(815301076,1909f56bfc062723c751e8b465ee728b)
Start importing Assets/Prefabs/Tower.prefab using Guid(403767eedfc5ed34f91fc30971c0dec5) Importer(815301076,1909f56bfc062723c751e8b465ee728b)  -> (artifact id: '2187713e89f8d0dc874cb8e5d99b8af8') in 0.114777 seconds
  Import took 0.119710 seconds .

========================================================================
Received Prepare
Refreshing native plugins compatible for Editor in 1.01 ms, found 0 plugins.
Preloading 0 native plugins for Editor in 0.00 ms.
Unloading 5 Unused Serialized files (Serialized files now loaded: 0)
System memory in use before: 50.6 MB.
System memory in use after: 50.6 MB.

Unloading 6 unused Assets to reduce memory usage. Loaded Objects now: 2464.
Total: 3.213600 ms (FindLiveObjects: 0.323800 ms CreateObjectMapping: 0.191100 ms MarkObjects: 2.561500 ms  DeleteObjects: 0.135800 ms)

========================================================================
Received Prepare
Registering precompiled user dll's ...
Registered in 0.001468 seconds.
Begin MonoManager ReloadAssembly
Native extension for WindowsStandalone target not found
Refreshing native plugins compatible for Editor in 0.82 ms, found 0 plugins.
Preloading 0 native plugins for Editor in 0.00 ms.
Mono: successfully reloaded assembly
- Completed reload, in  1.177 seconds
Platform modules already initialized, skipping
Switching build target platform(5) subTarget(0) extendedPlatform(0) -> platform(13) subTarget(524288) extendedPlatform(0)
Refreshing native plugins compatible for Editor in 0.44 ms, found 0 plugins.
Preloading 0 native plugins for Editor in 0.00 ms.
Unloading 1945 Unused Serialized files (Serialized files now loaded: 0)
System memory in use before: 88.9 MB.
System memory in use after: 88.9 MB.

Unloading 8 unused Assets to reduce memory usage. Loaded Objects now: 2468.
Total: 3.476800 ms (FindLiveObjects: 0.287700 ms CreateObjectMapping: 0.186100 ms MarkObjects: 2.855300 ms  DeleteObjects: 0.146000 ms)

AssetImportParameters requested are different than current active one (requested -> active):
  custom:graphics/normal-map-encoding: 01000000000000000000000000000000 -> 02000000000000000000000000000000
========================================================================
Received Prepare
Refreshing native plugins compatible for Editor in 1.05 ms, found 0 plugins.
Preloading 0 native plugins for Editor in 0.00 ms.
Unloading 5 Unused Serialized files (Serialized files now loaded: 0)
System memory in use before: 50.4 MB.
System memory in use after: 50.4 MB.

Unloading 5 unused Assets to reduce memory usage. Loaded Objects now: 2468.
Total: 2.834100 ms (FindLiveObjects: 0.334700 ms CreateObjectMapping: 0.182100 ms MarkObjects: 2.181800 ms  DeleteObjects: 0.133300 ms)

========================================================================
Received Import Request.
  Time since last request: 469.373742 seconds.
  path: Assets/Prefabs/Enemy.prefab
  artifactKey: Guid(1ecc618abe949f34fa97cac3cf89a04a) Importer(815301076,1909f56bfc062723c751e8b465ee728b)
Start importing Assets/Prefabs/Enemy.prefab using Guid(1ecc618abe949f34fa97cac3cf89a04a) Importer(815301076,1909f56bfc062723c751e8b465ee728b)  -> (artifact id: '63feb861073d29285a1f5e1e5c83814f') in 0.167526 seconds
  Import took 0.183546 seconds .

========================================================================
Received Prepare
Registering precompiled user dll's ...
Registered in 0.001366 seconds.
Begin MonoManager ReloadAssembly
Native extension for WindowsStandalone target not found
Refreshing native plugins compatible for Editor in 0.47 ms, found 0 plugins.
Preloading 0 native plugins for Editor in 0.00 ms.
Mono: successfully reloaded assembly
- Completed reload, in  1.341 seconds
Platform modules already initialized, skipping
Switching build target platform(5) subTarget(0) extendedPlatform(0) -> platform(13) subTarget(524288) extendedPlatform(0)
Refreshing native plugins compatible for Editor in 0.46 ms, found 0 plugins.
Preloading 0 native plugins for Editor in 0.00 ms.
Unloading 1945 Unused Serialized files (Serialized files now loaded: 0)
System memory in use before: 88.9 MB.
System memory in use after: 89.0 MB.

Unloading 9 unused Assets to reduce memory usage. Loaded Objects now: 2473.
Total: 2.698900 ms (FindLiveObjects: 0.223800 ms CreateObjectMapping: 0.154900 ms MarkObjects: 2.193200 ms  DeleteObjects: 0.125500 ms)

AssetImportParameters requested are different than current active one (requested -> active):
  custom:graphics/normal-map-encoding: 01000000000000000000000000000000 -> 02000000000000000000000000000000
========================================================================
Received Import Request.
  Time since last request: 30.214436 seconds.
  path: Assets/Prefabs/Bullet.prefab
  artifactKey: Guid(0d119b40085eb0541bb20322b3d6827d) Importer(815301076,1909f56bfc062723c751e8b465ee728b)
Start importing Assets/Prefabs/Bullet.prefab using Guid(0d119b40085eb0541bb20322b3d6827d) Importer(815301076,1909f56bfc062723c751e8b465ee728b)  -> (artifact id: '0b4c488d1b05a63db27d1fcb2a691500') in 0.570114 seconds
  Import took 0.575056 seconds .

========================================================================
Received Import Request.
  Time since last request: 214.892951 seconds.
  path: Assets/Scripts/StartGame.cs
  artifactKey: Guid(8464acc2633ed5a4e98001aa6cb09099) Importer(815301076,1909f56bfc062723c751e8b465ee728b)
Start importing Assets/Scripts/StartGame.cs using Guid(8464acc2633ed5a4e98001aa6cb09099) Importer(815301076,1909f56bfc062723c751e8b465ee728b)  -> (artifact id: '655f913626809f10a9f86f83e6216aa9') in 0.051416 seconds
  Import took 0.055923 seconds .

========================================================================
Received Prepare
Registering precompiled user dll's ...
Registered in 0.001815 seconds.
Begin MonoManager ReloadAssembly
Native extension for WindowsStandalone target not found
Refreshing native plugins compatible for Editor in 0.48 ms, found 0 plugins.
Preloading 0 native plugins for Editor in 0.00 ms.
Mono: successfully reloaded assembly
- Completed reload, in  1.351 seconds
Platform modules already initialized, skipping
Switching build target platform(5) subTarget(0) extendedPlatform(0) -> platform(13) subTarget(524288) extendedPlatform(0)
Refreshing native plugins compatible for Editor in 1.37 ms, found 0 plugins.
Preloading 0 native plugins for Editor in 0.00 ms.
Unloading 1946 Unused Serialized files (Serialized files now loaded: 0)
System memory in use before: 89.0 MB.
System memory in use after: 89.0 MB.

Unloading 9 unused Assets to reduce memory usage. Loaded Objects now: 2479.
Total: 7.353600 ms (FindLiveObjects: 0.356500 ms CreateObjectMapping: 0.226400 ms MarkObjects: 6.633000 ms  DeleteObjects: 0.135600 ms)

AssetImportParameters requested are different than current active one (requested -> active):
  custom:graphics/normal-map-encoding: 01000000000000000000000000000000 -> 02000000000000000000000000000000
========================================================================
Received Prepare
Registering precompiled user dll's ...
Registered in 0.001487 seconds.
Begin MonoManager ReloadAssembly
Native extension for WindowsStandalone target not found
Refreshing native plugins compatible for Editor in 0.43 ms, found 0 plugins.
Preloading 0 native plugins for Editor in 0.00 ms.
Mono: successfully reloaded assembly
- Completed reload, in  1.286 seconds
Platform modules already initialized, skipping
Switching build target platform(5) subTarget(0) extendedPlatform(0) -> platform(13) subTarget(524288) extendedPlatform(0)
Refreshing native plugins compatible for Editor in 0.49 ms, found 0 plugins.
Preloading 0 native plugins for Editor in 0.00 ms.
Unloading 1946 Unused Serialized files (Serialized files now loaded: 0)
System memory in use before: 89.0 MB.
System memory in use after: 89.1 MB.

Unloading 8 unused Assets to reduce memory usage. Loaded Objects now: 2483.
Total: 3.717500 ms (FindLiveObjects: 0.373900 ms CreateObjectMapping: 0.225900 ms MarkObjects: 2.976600 ms  DeleteObjects: 0.139000 ms)

AssetImportParameters requested are different than current active one (requested -> active):
  custom:graphics/normal-map-encoding: 01000000000000000000000000000000 -> 02000000000000000000000000000000
========================================================================
Received Import Request.
  Time since last request: 60.498247 seconds.
  path: Assets/Scripts/StartGame.cs
  artifactKey: Guid(8464acc2633ed5a4e98001aa6cb09099) Importer(815301076,1909f56bfc062723c751e8b465ee728b)
Start importing Assets/Scripts/StartGame.cs using Guid(8464acc2633ed5a4e98001aa6cb09099) Importer(815301076,1909f56bfc062723c751e8b465ee728b)  -> (artifact id: 'a2cf9078ce7a6a7947ce74f7a3c94dad') in 0.082973 seconds
  Import took 0.088384 seconds .

========================================================================
Received Prepare
Registering precompiled user dll's ...
Registered in 0.001418 seconds.
Begin MonoManager ReloadAssembly
Native extension for WindowsStandalone target not found
Refreshing native plugins compatible for Editor in 0.43 ms, found 0 plugins.
Preloading 0 native plugins for Editor in 0.00 ms.
Mono: successfully reloaded assembly
- Completed reload, in  1.284 seconds
Platform modules already initialized, skipping
Switching build target platform(5) subTarget(0) extendedPlatform(0) -> platform(13) subTarget(524288) extendedPlatform(0)
Refreshing native plugins compatible for Editor in 1.85 ms, found 0 plugins.
Preloading 0 native plugins for Editor in 0.00 ms.
Unloading 1946 Unused Serialized files (Serialized files now loaded: 0)
System memory in use before: 89.1 MB.
System memory in use after: 89.1 MB.

Unloading 8 unused Assets to reduce memory usage. Loaded Objects now: 2487.
Total: 2.991700 ms (FindLiveObjects: 0.283900 ms CreateObjectMapping: 0.204600 ms MarkObjects: 2.356000 ms  DeleteObjects: 0.136000 ms)

AssetImportParameters requested are different than current active one (requested -> active):
  custom:graphics/normal-map-encoding: 01000000000000000000000000000000 -> 02000000000000000000000000000000
========================================================================
Received Prepare
Registering precompiled user dll's ...
Registered in 0.001368 seconds.
Begin MonoManager ReloadAssembly
Native extension for WindowsStandalone target not found
Refreshing native plugins compatible for Editor in 0.59 ms, found 0 plugins.
Preloading 0 native plugins for Editor in 0.00 ms.
Mono: successfully reloaded assembly
- Completed reload, in  2.118 seconds
Platform modules already initialized, skipping
Switching build target platform(5) subTarget(0) extendedPlatform(0) -> platform(13) subTarget(524288) extendedPlatform(0)
Refreshing native plugins compatible for Editor in 0.46 ms, found 0 plugins.
Preloading 0 native plugins for Editor in 0.00 ms.
Unloading 1946 Unused Serialized files (Serialized files now loaded: 0)
System memory in use before: 89.0 MB.
System memory in use after: 89.1 MB.

Unloading 8 unused Assets to reduce memory usage. Loaded Objects now: 2491.
Total: 2.972700 ms (FindLiveObjects: 0.688500 ms CreateObjectMapping: 0.177000 ms MarkObjects: 1.985100 ms  DeleteObjects: 0.120400 ms)

AssetImportParameters requested are different than current active one (requested -> active):
  custom:graphics/normal-map-encoding: 01000000000000000000000000000000 -> 02000000000000000000000000000000
========================================================================
Received Prepare
Refreshing native plugins compatible for Editor in 1.01 ms, found 0 plugins.
Preloading 0 native plugins for Editor in 0.00 ms.
Unloading 5 Unused Serialized files (Serialized files now loaded: 0)
System memory in use before: 50.5 MB.
System memory in use after: 50.5 MB.

Unloading 5 unused Assets to reduce memory usage. Loaded Objects now: 2491.
Total: 4.960900 ms (FindLiveObjects: 0.734600 ms CreateObjectMapping: 0.211700 ms MarkObjects: 3.875400 ms  DeleteObjects: 0.137100 ms)

